<?xml version="1.0" encoding="UTF-8"?>
<testng-results skipped="0" failed="0" ignored="0" total="7" passed="7">
  <reporter-output>
    <line>
      <![CDATA[{"status":0,"message":"","data":[{"name":"BTC","price":58974.73},{"name":"ETH","price":1810.926},{"name":"DUT","price":0.1810926}],"suc":true}]]>
    </line>
    <line>
      <![CDATA[{"message":"该账号已在其他设备登录","status":40103,"suc":false}]]>
    </line>
  </reporter-output>
  <suite name="Default suite" duration-ms="1075" started-at="2019-05-31T09:35:54Z" finished-at="2019-05-31T09:35:55Z">
    <groups>
      <group name="BaseCase">
        <method signature="InterfaceTest.currency_price()[pri:0, instance:com.pxm.Test.InterfaceTest@482f8f11]" name="currency_price" class="com.pxm.Test.InterfaceTest"/>
        <method signature="InterfaceTest.loginout_fail()[pri:0, instance:com.pxm.Test.InterfaceTest@482f8f11]" name="loginout_fail" class="com.pxm.Test.InterfaceTest"/>
        <method signature="InterfaceTest.promotion()[pri:0, instance:com.pxm.Test.InterfaceTest@482f8f11]" name="promotion" class="com.pxm.Test.InterfaceTest"/>
      </group> <!-- BaseCase -->
      <group name="Login">
        <method signature="InterfaceTest.Login_succ()[pri:0, instance:com.pxm.Test.InterfaceTest@482f8f11]" name="Login_succ" class="com.pxm.Test.InterfaceTest"/>
        <method signature="InterfaceTest.login_out()[pri:0, instance:com.pxm.Test.InterfaceTest@482f8f11]" name="login_out" class="com.pxm.Test.InterfaceTest"/>
        <method signature="InterfaceTest.mobile_fail()[pri:0, instance:com.pxm.Test.InterfaceTest@482f8f11]" name="mobile_fail" class="com.pxm.Test.InterfaceTest"/>
        <method signature="InterfaceTest.password_fail()[pri:0, instance:com.pxm.Test.InterfaceTest@482f8f11]" name="password_fail" class="com.pxm.Test.InterfaceTest"/>
      </group> <!-- Login -->
    </groups>
    <test name="Default test" duration-ms="1075" started-at="2019-05-31T09:35:54Z" finished-at="2019-05-31T09:35:55Z">
      <class name="com.pxm.Test.InterfaceTest">
        <test-method status="PASS" signature="Login_succ()[pri:0, instance:com.pxm.Test.InterfaceTest@482f8f11]" name="Login_succ" duration-ms="714" started-at="2019-05-31T09:35:54Z" finished-at="2019-05-31T09:35:55Z">
          <reporter-output>
          </reporter-output>
        </test-method> <!-- Login_succ -->
        <test-method status="PASS" signature="currency_price()[pri:0, instance:com.pxm.Test.InterfaceTest@482f8f11]" name="currency_price" duration-ms="58" started-at="2019-05-31T09:35:55Z" finished-at="2019-05-31T09:35:55Z">
          <reporter-output>
            <line>
              <![CDATA[{"status":0,"message":"","data":[{"name":"BTC","price":58974.73},{"name":"ETH","price":1810.926},{"name":"DUT","price":0.1810926}],"suc":true}]]>
            </line>
          </reporter-output>
        </test-method> <!-- currency_price -->
        <test-method status="PASS" signature="login_out()[pri:0, instance:com.pxm.Test.InterfaceTest@482f8f11]" name="login_out" duration-ms="117" started-at="2019-05-31T09:35:55Z" finished-at="2019-05-31T09:35:55Z">
          <reporter-output>
          </reporter-output>
        </test-method> <!-- login_out -->
        <test-method status="PASS" signature="loginout_fail()[pri:0, instance:com.pxm.Test.InterfaceTest@482f8f11]" name="loginout_fail" duration-ms="31" started-at="2019-05-31T09:35:55Z" finished-at="2019-05-31T09:35:55Z">
          <reporter-output>
          </reporter-output>
        </test-method> <!-- loginout_fail -->
        <test-method status="PASS" signature="mobile_fail()[pri:0, instance:com.pxm.Test.InterfaceTest@482f8f11]" name="mobile_fail" duration-ms="50" started-at="2019-05-31T09:35:55Z" finished-at="2019-05-31T09:35:55Z">
          <reporter-output>
          </reporter-output>
        </test-method> <!-- mobile_fail -->
        <test-method status="PASS" signature="password_fail()[pri:0, instance:com.pxm.Test.InterfaceTest@482f8f11]" name="password_fail" duration-ms="29" started-at="2019-05-31T09:35:55Z" finished-at="2019-05-31T09:35:55Z">
          <reporter-output>
          </reporter-output>
        </test-method> <!-- password_fail -->
        <test-method status="PASS" signature="promotion()[pri:0, instance:com.pxm.Test.InterfaceTest@482f8f11]" name="promotion" duration-ms="53" started-at="2019-05-31T09:35:55Z" finished-at="2019-05-31T09:35:55Z">
          <reporter-output>
            <line>
              <![CDATA[{"message":"该账号已在其他设备登录","status":40103,"suc":false}]]>
            </line>
          </reporter-output>
        </test-method> <!-- promotion -->
      </class> <!-- com.pxm.Test.InterfaceTest -->
    </test> <!-- Default test -->
  </suite> <!-- Default suite -->
</testng-results>
