<?xml version="1.0" encoding="UTF-8"?>
<testng-results skipped="0" failed="0" ignored="0" total="3" passed="3">
  <reporter-output>
  </reporter-output>
  <suite name="Default suite" duration-ms="1011" started-at="2019-05-30T05:23:35Z" finished-at="2019-05-30T05:23:37Z">
    <groups>
      <group name="BaseCase">
        <method signature="InterfaceTest.Login_succ()[pri:0, instance:com.pxm.Test.InterfaceTest@482f8f11]" name="Login_succ" class="com.pxm.Test.InterfaceTest"/>
        <method signature="InterfaceTest.currency_price()[pri:0, instance:com.pxm.Test.InterfaceTest@482f8f11]" name="currency_price" class="com.pxm.Test.InterfaceTest"/>
        <method signature="InterfaceTest.login_out()[pri:0, instance:com.pxm.Test.InterfaceTest@482f8f11]" name="login_out" class="com.pxm.Test.InterfaceTest"/>
      </group> <!-- BaseCase -->
    </groups>
    <test name="Default test" duration-ms="1011" started-at="2019-05-30T05:23:35Z" finished-at="2019-05-30T05:23:37Z">
      <class name="com.pxm.Test.InterfaceTest">
        <test-method status="PASS" signature="Login_succ()[pri:0, instance:com.pxm.Test.InterfaceTest@482f8f11]" name="Login_succ" duration-ms="821" started-at="2019-05-30T05:23:36Z" finished-at="2019-05-30T05:23:36Z">
          <reporter-output>
          </reporter-output>
        </test-method> <!-- Login_succ -->
        <test-method status="PASS" signature="currency_price()[pri:0, instance:com.pxm.Test.InterfaceTest@482f8f11]" name="currency_price" duration-ms="113" started-at="2019-05-30T05:23:36Z" finished-at="2019-05-30T05:23:36Z">
          <reporter-output>
          </reporter-output>
        </test-method> <!-- currency_price -->
        <test-method status="PASS" signature="login_out()[pri:0, instance:com.pxm.Test.InterfaceTest@482f8f11]" name="login_out" duration-ms="35" started-at="2019-05-30T05:23:36Z" finished-at="2019-05-30T05:23:37Z">
          <reporter-output>
          </reporter-output>
        </test-method> <!-- login_out -->
      </class> <!-- com.pxm.Test.InterfaceTest -->
    </test> <!-- Default test -->
  </suite> <!-- Default suite -->
</testng-results>
