<?xml version="1.0" encoding="UTF-8"?>
<!-- Generated by org.testng.reporters.JUnitXMLReporter -->
<testsuite hostname="SHQ-DL012-1" ignored="0" name="Default test" tests="6" failures="0" timestamp="30 五月 2019 08:54:13 GMT" time="1.039" errors="0">
  <testcase name="Login_succ" time="0.709" classname="com.pxm.Test.InterfaceTest"/>
  <testcase name="currency_price" time="0.088" classname="com.pxm.Test.InterfaceTest"/>
  <testcase name="login_out" time="0.034" classname="com.pxm.Test.InterfaceTest"/>
  <testcase name="loginout_fail" time="0.023" classname="com.pxm.Test.InterfaceTest"/>
  <testcase name="mobile_fail" time="0.051" classname="com.pxm.Test.InterfaceTest"/>
  <testcase name="password_fail" time="0.104" classname="com.pxm.Test.InterfaceTest"/>
</testsuite> <!-- Default test -->
