<?xml version="1.0" encoding="UTF-8"?>
<!-- Generated by org.testng.reporters.JUnitXMLReporter -->
<testsuite hostname="SHQ-DL012-1" ignored="0" name="Default test" tests="3" failures="0" timestamp="30 五月 2019 05:23:37 GMT" time="1.011" errors="0">
  <testcase name="Login_succ" time="0.821" classname="com.pxm.Test.InterfaceTest"/>
  <testcase name="currency_price" time="0.113" classname="com.pxm.Test.InterfaceTest"/>
  <testcase name="login_out" time="0.035" classname="com.pxm.Test.InterfaceTest"/>
</testsuite> <!-- Default test -->
